\BOOKMARK [0][]{chapter.1}{\376\377\004\023\004\073\004\060\004\062\004\060\000\040\0001\000.\000\040\004\041\004\070\004\101\004\102\004\065\004\074\004\075\004\113\004\071\000\040\004\060\004\075\004\060\004\073\004\070\004\067\000\040\004\077\004\100\004\065\004\064\004\074\004\065\004\102\004\075\004\076\004\071\000\040\004\076\004\061\004\073\004\060\004\101\004\102\004\070\000\040\004\070\000\040\004\077\004\076\004\101\004\102\004\060\004\075\004\076\004\062\004\072\004\060\000\040\004\067\004\060\004\064\004\060\004\107\004\070\000\040}{}
\BOOKMARK [1][]{section.1.1}{\376\377\0001\000.\0001\000.\000\040\004\037\004\100\004\065\004\064\004\074\004\065\004\102\004\075\004\060\004\117\000\040\004\076\004\061\004\073\004\060\004\101\004\102\004\114}{chapter.1}
\BOOKMARK [1][]{section.1.2}{\376\377\0001\000.\0002\000.\000\040\004\037\004\076\004\101\004\102\004\060\004\075\004\076\004\062\004\072\004\060\000\040\004\067\004\060\004\064\004\060\004\107\004\070\000\040\004\064\004\070\004\077\004\073\004\076\004\074\004\075\004\076\004\063\004\076\000\040\004\077\004\100\004\076\004\065\004\072\004\102\004\060}{chapter.1}
\BOOKMARK [0][]{chapter.2}{\376\377\004\023\004\073\004\060\004\062\004\060\000\040\0002\000.\000\040\004\030\004\101\004\077\004\076\004\073\004\114\004\067\004\103\004\065\004\074\004\113\004\065\000\040\004\102\004\065\004\105\004\075\004\076\004\073\004\076\004\063\004\070\004\070}{}
\BOOKMARK [1][]{section.2.1}{\376\377\0002\000.\0001\000.\000\040\004\041\004\102\004\100\004\103\004\072\004\102\004\103\004\100\004\060\000\040\004\077\004\100\004\076\004\065\004\072\004\102\004\060}{chapter.2}
\BOOKMARK [1][]{section.2.2}{\376\377\0002\000.\0002\000.\000\040\004\022\004\113\004\061\004\076\004\100\000\040\004\077\004\073\004\060\004\102\004\104\004\076\004\100\004\074\004\113\000\040\004\064\004\073\004\117\000\040\000F\000l\000a\000s\000h}{chapter.2}
\BOOKMARK [1][]{section.2.3}{\376\377\0002\000.\0003\000.\000\040\004\022\004\113\004\061\004\076\004\100\000\040\004\077\004\073\004\060\004\102\004\104\004\076\004\100\004\074\004\113\000\040\004\064\004\073\004\117\000\040\004\101\004\076\004\067\004\064\004\060\004\075\004\070\004\117\000\040\004\101\004\065\004\100\004\062\004\065\004\100\004\060}{chapter.2}
\BOOKMARK [2][-]{subsection.2.3.1}{\376\377\0002\000.\0003\000.\0001\000.\000\040\004\037\004\100\004\076\004\102\004\076\004\072\004\076\004\073\000\040\004\077\004\065\004\100\004\065\004\064\004\060\004\107\004\070}{section.2.3}
\BOOKMARK [2][-]{subsection.2.3.2}{\376\377\0002\000.\0003\000.\0002\000.\000\040\004\041\004\100\004\065\004\064\004\060\000\040\004\101\004\076\004\067\004\064\004\060\004\075\004\070\004\117}{section.2.3}
\BOOKMARK [2][-]{subsection.2.3.3}{\376\377\0002\000.\0003\000.\0003\000.\000\040\004\041\004\076\004\067\004\064\004\060\004\075\004\070\004\065\000\040\004\102\004\065\004\101\004\102\004\076\004\062\004\076\004\071\000\040\004\064\004\070\004\075\004\060\004\074\004\070\004\107\004\065\004\101\004\072\004\076\004\071\000\040\004\061\004\070\004\061\004\073\004\070\004\076\004\102\004\065\004\072\004\070}{section.2.3}
\BOOKMARK [1][]{section.2.4}{\376\377\0002\000.\0004\000.\000\040\004\041\004\102\004\100\004\103\004\072\004\102\004\103\004\100\004\060\000\040\004\077\004\100\004\076\004\065\004\072\004\102\004\060}{chapter.2}
\BOOKMARK [0][]{chapter.3}{\376\377\004\023\004\073\004\060\004\062\004\060\000\040\0003\000.\000\040\004\037\004\100\004\076\004\065\004\072\004\102\004\070\004\100\004\076\004\062\004\060\004\075\004\070\004\065}{}
\BOOKMARK [1][]{section.3.1}{\376\377\0003\000.\0001\000.\000\040\004\035\004\060\004\101\004\102\004\100\004\076\004\071\004\072\004\060\000\040\000N\000o\000d\000e\000.\000j\000s}{chapter.3}
\BOOKMARK [2][-]{subsection.3.1.1}{\376\377\0003\000.\0001\000.\0001\000.\000\040\004\035\004\060\004\101\004\102\004\100\004\076\004\071\004\072\004\060\000\040\004\077\004\076\004\064\000\040\000L\000i\000n\000u\000x}{section.3.1}
\BOOKMARK [2][-]{subsection.3.1.2}{\376\377\0003\000.\0001\000.\0002\000.\000\040\004\035\004\060\004\101\004\102\004\100\004\076\004\071\004\072\004\060\000\040\004\077\004\076\004\064\000\040\000W\000i\000n\000d\000o\000w\000s}{section.3.1}
\BOOKMARK [0][]{chapter.4}{\376\377\004\023\004\073\004\060\004\062\004\060\000\040\0004\000.\000\040\004\040\004\065\004\060\004\073\004\070\004\067\004\060\004\106\004\070\004\117\000\040\004\077\004\100\004\076\004\063\004\100\004\060\004\074\004\074\004\113}{}
\BOOKMARK [1][]{section.4.1}{\376\377\0004\000.\0001\000.\000\040\004\037\004\100\004\065\004\064\004\062\004\060\004\100\004\070\004\102\004\065\004\073\004\114\004\075\004\060\004\117\000\040\004\100\004\060\004\061\004\076\004\102\004\060\000\040\004\101\000\040\004\064\004\070\004\075\004\060\004\074\004\070\004\107\004\065\004\101\004\072\004\076\004\071\000\040\004\061\004\070\004\061\004\073\004\070\004\076\004\102\004\065\004\072\004\076\004\071}{chapter.4}
\BOOKMARK [1][]{section.4.2}{\376\377\0004\000.\0002\000.\000\040\004\036\004\104\004\076\004\100\004\074\004\073\004\065\004\075\004\070\004\065\000\040\004\067\004\060\004\077\004\100\004\076\004\101\004\060}{chapter.4}
\BOOKMARK [1][]{section.4.3}{\376\377\0004\000.\0003\000.\000\040\004\041\004\102\004\100\004\103\004\072\004\102\004\103\004\100\004\060\000\040\004\077\004\100\004\076\004\065\004\072\004\102\004\060}{chapter.4}
\BOOKMARK [2][-]{subsection.4.3.1}{\376\377\0004\000.\0003\000.\0001\000.\000\040\004\041\004\065\004\100\004\062\004\065\004\100\004\075\004\060\004\117\000\040\004\107\004\060\004\101\004\102\004\114}{section.4.3}
\BOOKMARK [2][-]{subsection.4.3.2}{\376\377\0004\000.\0003\000.\0002\000.\000\040\004\032\004\073\004\070\004\065\004\075\004\102\004\101\004\072\004\060\004\117\000\040\004\107\004\060\004\101\004\102\004\114}{section.4.3}
\BOOKMARK [0][]{chapter.5}{\376\377\004\023\004\073\004\060\004\062\004\060\000\040\0005\000.\000\040\004\043\004\101\004\102\004\060\004\075\004\076\004\062\004\072\004\060\000\040\004\101\004\065\004\100\004\062\004\065\004\100\004\060\000\040\004\103\004\107\004\060\004\101\004\102\004\075\004\070\004\072\004\076\004\074}{}
\BOOKMARK [0][]{chapter.6}{\376\377\004\023\004\073\004\060\004\062\004\060\000\040\0006\000.\000\040\004\027\004\060\004\072\004\073\004\116\004\107\004\065\004\075\004\070\004\065}{}
\BOOKMARK [1][]{section.6.1}{\376\377\0006\000.\0001\000.\000\040\004\024\004\076\004\101\004\102\004\070\004\063\004\075\004\103\004\102\004\113\004\065\000\040\004\100\004\065\004\067\004\103\004\073\004\114\004\102\004\060\004\102\004\113}{chapter.6}
\BOOKMARK [1][]{section.6.2}{\376\377\0006\000.\0002\000.\000\040\004\024\004\060\004\073\004\114\004\075\004\065\004\071\004\110\004\065\004\065\000\040\004\100\004\060\004\067\004\062\004\070\004\102\004\070\004\065\000\040\004\077\004\100\004\076\004\065\004\072\004\102\004\060}{chapter.6}
\BOOKMARK [0][]{chapter.7}{\376\377\004\023\004\073\004\060\004\062\004\060\000\040\0007\000.\000\040\004\030\004\101\004\077\004\076\004\073\004\114\004\067\004\103\004\065\004\074\004\060\004\117\000\040\004\073\004\070\004\102\004\065\004\100\004\060\004\102\004\103\004\100\004\060}{}
